_XSERVTransTransNoListen: unable to find transport: rcp
Failed to disable listen for rcp transport[  5355.228] 
X.Org X Server 1.19.5
Release Date: 2017-10-12
[  5355.228] X Protocol Version 11, Revision 0
[  5355.229] Build Operating System: Linux 4.9.54-1-lts x86_64 
[  5355.229] Current Operating System: Linux ArchLinux 4.14.5-1-ARCH #1 SMP PREEMPT Sun Dec 10 14:50:30 UTC 2017 x86_64
[  5355.229] Kernel command line: BOOT_IMAGE=/boot/vmlinuz-linux root=UUID=e048bb95-32b1-4f76-b872-38b26db82eb3 rw quiet
[  5355.229] Build Date: 12 October 2017  09:59:53PM
[  5355.230]  
[  5355.230] Current version of pixman: 0.34.0
[  5355.231] 	Before reporting problems, check http://wiki.x.org
	to make sure that you have the latest version.
[  5355.231] Markers: (--) probed, (**) from config file, (==) default setting,
	(++) from command line, (!!) notice, (II) informational,
	(WW) warning, (EE) error, (NI) not implemented, (??) unknown.
[  5355.232] (==) Log file: "/home/lichking/.local/share/xorg/Xorg.0.log", Time: Fri Dec 15 22:38:15 2017
[  5355.232] (==) Using config file: "/etc/X11/xorg.conf"
[  5355.232] (==) Using system config directory "/usr/share/X11/xorg.conf.d"
[  5355.232] (==) ServerLayout "Layout0"
[  5355.232] (**) |-->Screen "Screen0" (0)
[  5355.232] (**) |   |-->Monitor "Monitor0"
[  5355.232] (**) |   |-->Device "Device0"
[  5355.232] (**) |-->Input Device "Keyboard0"
[  5355.232] (**) |-->Input Device "Mouse0"
[  5355.232] (==) Automatically adding devices
[  5355.232] (==) Automatically enabling devices
[  5355.232] (==) Automatically adding GPU devices
[  5355.232] (==) Automatically binding GPU devices
[  5355.232] (==) Max clients allowed: 256, resource mask: 0x1fffff
[  5355.232] (WW) The directory "/usr/share/fonts/Type1/" does not exist.
[  5355.232] 	Entry deleted from font path.
[  5355.232] (==) FontPath set to:
	/usr/share/fonts/misc/,
	/usr/share/fonts/TTF/,
	/usr/share/fonts/OTF/,
	/usr/share/fonts/100dpi/,
	/usr/share/fonts/75dpi/
[  5355.232] (==) ModulePath set to "/usr/lib/xorg/modules"
[  5355.232] (WW) Hotplugging is on, devices using drivers 'kbd', 'mouse' or 'vmmouse' will be disabled.
[  5355.232] (WW) Disabling Keyboard0
[  5355.232] (WW) Disabling Mouse0
[  5355.232] (II) Loader magic: 0x55b9a353cd60
[  5355.232] (II) Module ABI versions:
[  5355.232] 	X.Org ANSI C Emulation: 0.4
[  5355.232] 	X.Org Video Driver: 23.0
[  5355.232] 	X.Org XInput driver : 24.1
[  5355.232] 	X.Org Server Extension : 10.0
[  5355.233] (++) using VT number 3

[  5355.233] (--) controlling tty is VT number 3, auto-enabling KeepTty
[  5355.234] (II) systemd-logind: took control of session /org/freedesktop/login1/session/c3
[  5355.234] (II) xfree86: Adding drm device (/dev/dri/card1)
[  5355.234] (II) systemd-logind: got fd for /dev/dri/card1 226:1 fd 11 paused 0
[  5355.234] (II) xfree86: Adding drm device (/dev/dri/card0)
[  5355.235] (II) systemd-logind: got fd for /dev/dri/card0 226:0 fd 12 paused 0
[  5355.235] (--) PCI: (0:0:2:0) 8086:0412:1458:d000 rev 6, Mem @ 0xf7400000/4194304, 0xd0000000/268435456, I/O @ 0x0000f000/64
[  5355.235] (--) PCI:*(0:1:0:0) 10de:1401:1458:36c1 rev 161, Mem @ 0xf6000000/16777216, 0xe0000000/268435456, 0xf0000000/33554432, I/O @ 0x0000e000/128, BIOS @ 0x????????/131072
[  5355.235] (WW) Open ACPI failed (/var/run/acpid.socket) (No such file or directory)
[  5355.235] (II) LoadModule: "glx"
[  5355.236] (II) Loading /usr/lib/xorg/modules/extensions/libglx.so
[  5355.236] (II) Module glx: vendor="X.Org Foundation"
[  5355.236] 	compiled for 1.19.5, module version = 1.0.0
[  5355.236] 	ABI class: X.Org Server Extension, version 10.0
[  5355.236] (II) LoadModule: "nvidia"
[  5355.236] (II) Loading /usr/lib/xorg/modules/drivers/nvidia_drv.so
[  5355.236] (II) Module nvidia: vendor="NVIDIA Corporation"
[  5355.236] 	compiled for 4.0.2, module version = 1.0.0
[  5355.236] 	Module class: X.Org Video Driver
[  5355.236] (II) NVIDIA dlloader X Driver  387.34  Tue Nov 21 01:38:22 PST 2017
[  5355.236] (II) NVIDIA Unified Driver for all Supported NVIDIA GPUs
[  5355.236] xf86EnableIOPorts: failed to set IOPL for I/O (Operation not permitted)
[  5355.236] (II) systemd-logind: releasing fd for 226:1
[  5355.237] (II) Loading sub module "fb"
[  5355.237] (II) LoadModule: "fb"
[  5355.237] (II) Loading /usr/lib/xorg/modules/libfb.so
[  5355.237] (II) Module fb: vendor="X.Org Foundation"
[  5355.237] 	compiled for 1.19.5, module version = 1.0.0
[  5355.237] 	ABI class: X.Org ANSI C Emulation, version 0.4
[  5355.237] (II) Loading sub module "wfb"
[  5355.237] (II) LoadModule: "wfb"
[  5355.237] (II) Loading /usr/lib/xorg/modules/libwfb.so
[  5355.237] (II) Module wfb: vendor="X.Org Foundation"
[  5355.237] 	compiled for 1.19.5, module version = 1.0.0
[  5355.237] 	ABI class: X.Org ANSI C Emulation, version 0.4
[  5355.237] (II) Loading sub module "ramdac"
[  5355.237] (II) LoadModule: "ramdac"
[  5355.237] (II) Module "ramdac" already built-in
[  5355.348] (EE) NVIDIA: Failed to initialize the NVIDIA kernel module. Please see the
[  5355.348] (EE) NVIDIA:     system's kernel log for additional error messages and
[  5355.348] (EE) NVIDIA:     consult the NVIDIA README for details.
[  5355.348] (EE) No devices detected.
[  5355.348] (EE) 
Fatal server error:
[  5355.348] (EE) no screens found(EE) 
[  5355.348] (EE) 
Please consult the The X.Org Foundation support 
	 at http://wiki.x.org
 for help. 
[  5355.348] (EE) Please also check the log file at "/home/lichking/.local/share/xorg/Xorg.0.log" for additional information.
[  5355.348] (EE) 
[  5355.394] (EE) Server terminated with error (1). Closing log file.
